[2025-04-10 07:52:27] Starting save_quiz_result.php
[2025-04-10 07:52:27] Input: Array
(
    [quiz_type] => komodo
    [score] => 4
    [time_taken] => 00:34
)

[2025-04-10 07:52:27] Error: Array
(
    [success] => 
    [error] => SQLSTATE[HY000]: General error: 1 no such table: komodo_quiz_results
    [trace] => #0 C:\Users\DEll\OneDrive\Desktop\komodo_hub\save_quiz_result.php(55): PDO->prepare('\r\n        INSER...')
#1 {main}
)

[2025-04-10 12:16:21] Starting save_quiz_result.php
[2025-04-10 12:16:21] Input: Array
(
    [quiz_type] => komodo
    [score] => 4
    [time_taken] => 00:25
)

[2025-04-10 12:16:21] Error: Array
(
    [success] => 
    [error] => SQLSTATE[HY000]: General error: 1 no such table: komodo_quiz_results
    [trace] => #0 C:\Users\DEll\OneDrive\Desktop\komodo_hub\save_quiz_result.php(55): PDO->prepare('\r\n        INSER...')
#1 {main}
)

